<?xml version="1.0" encoding="UTF-8"?>
<!-- Generated by org.testng.reporters.JUnitXMLReporter -->
<testsuite ignored="0" hostname="DESKTOP-HOOOIG6" failures="0" tests="2" name="Regression Suite" time="112.202" errors="0" timestamp="2021-05-17T16:24:19 BST">
  <testcase classname="io.cucumber.testng.AbstractTestNGCucumberTests" name="runScenario" time="71.231"/>
  <testcase classname="io.cucumber.testng.AbstractTestNGCucumberTests" name="runScenario" time="29.544"/>
</testsuite> <!-- Regression Suite -->
