<?xml version="1.0" encoding="UTF-8"?>
<!-- Generated by org.testng.reporters.JUnitXMLReporter -->
<testsuite ignored="0" hostname="DESKTOP-HOOOIG6" failures="0" tests="2" name="Regression Suite" time="88.974" errors="0" timestamp="2021-05-17T11:38:50 BST">
  <testcase classname="io.cucumber.testng.AbstractTestNGCucumberTests" name="runScenario" time="48.885"/>
  <testcase classname="io.cucumber.testng.AbstractTestNGCucumberTests" name="runScenario" time="29.049"/>
</testsuite> <!-- Regression Suite -->
