<?xml version="1.0" encoding="UTF-8"?>
<testng-results ignored="0" total="2" passed="2" failed="0" skipped="0">
  <reporter-output>
  </reporter-output>
  <suite started-at="2021-05-17T16:22:27 BST" name="All Test Suite" finished-at="2021-05-17T16:24:19 BST" duration-ms="112202">
    <groups>
      <group name="cucumber">
        <method signature="AbstractTestNGCucumberTests.runScenario(io.cucumber.testng.PickleWrapper, io.cucumber.testng.FeatureWrapper)[pri:0, instance:com.test.lakshmi.cucumber.runners.RegressionRunnerClass@401f7633]" name="runScenario" class="io.cucumber.testng.AbstractTestNGCucumberTests"/>
      </group> <!-- cucumber -->
    </groups>
    <test started-at="2021-05-17T16:22:27 BST" name="Regression Suite" finished-at="2021-05-17T16:24:19 BST" duration-ms="112202">
      <class name="com.test.lakshmi.cucumber.runners.RegressionRunnerClass">
        <test-method is-config="true" signature="setUpClass()[pri:0, instance:com.test.lakshmi.cucumber.runners.RegressionRunnerClass@401f7633]" started-at="2021-05-17T16:22:27 BST" name="setUpClass" finished-at="2021-05-17T16:22:28 BST" duration-ms="1066" status="PASS">
          <reporter-output>
          </reporter-output>
        </test-method> <!-- setUpClass -->
        <test-method signature="runScenario(io.cucumber.testng.PickleWrapper, io.cucumber.testng.FeatureWrapper)[pri:0, instance:com.test.lakshmi.cucumber.runners.RegressionRunnerClass@401f7633]" started-at="2021-05-17T16:22:28 BST" name="runScenario" description="Runs Cucumber Scenarios" data-provider="scenarios" finished-at="2021-05-17T16:23:39 BST" duration-ms="71231" status="PASS">
          <params>
            <param index="0">
              <value>
                <![CDATA["Order T-Shirt online and verify Order History"]]>
              </value>
            </param>
            <param index="1">
              <value>
                <![CDATA["Optional[Order T-Shirt online]"]]>
              </value>
            </param>
          </params>
          <reporter-output>
          </reporter-output>
        </test-method> <!-- runScenario -->
        <test-method signature="runScenario(io.cucumber.testng.PickleWrapper, io.cucumber.testng.FeatureWrapper)[pri:0, instance:com.test.lakshmi.cucumber.runners.RegressionRunnerClass@401f7633]" started-at="2021-05-17T16:23:39 BST" name="runScenario" description="Runs Cucumber Scenarios" data-provider="scenarios" finished-at="2021-05-17T16:24:09 BST" duration-ms="29544" status="PASS">
          <params>
            <param index="0">
              <value>
                <![CDATA["Update Personal Information (First Name) in my account and validate the changed first name"]]>
              </value>
            </param>
            <param index="1">
              <value>
                <![CDATA["Optional[My Account]"]]>
              </value>
            </param>
          </params>
          <reporter-output>
          </reporter-output>
        </test-method> <!-- runScenario -->
        <test-method is-config="true" signature="tearDownClass()[pri:0, instance:com.test.lakshmi.cucumber.runners.RegressionRunnerClass@401f7633]" started-at="2021-05-17T16:24:09 BST" name="tearDownClass" finished-at="2021-05-17T16:24:19 BST" duration-ms="10287" status="PASS">
          <reporter-output>
          </reporter-output>
        </test-method> <!-- tearDownClass -->
      </class> <!-- com.test.lakshmi.cucumber.runners.RegressionRunnerClass -->
    </test> <!-- Regression Suite -->
  </suite> <!-- All Test Suite -->
</testng-results>
