<?xml version="1.0" encoding="UTF-8"?>
<testng-results ignored="0" total="2" passed="2" failed="0" skipped="0">
  <reporter-output>
  </reporter-output>
  <suite started-at="2021-05-17T11:37:21 BST" name="All Test Suite" finished-at="2021-05-17T11:38:50 BST" duration-ms="88974">
    <groups>
      <group name="cucumber">
        <method signature="AbstractTestNGCucumberTests.runScenario(io.cucumber.testng.PickleWrapper,io.cucumber.testng.FeatureWrapper)[pri:0, instance:com.test.lakshmi.cucumber.runners.RegressionRunnerClass@3e11f9e9]" name="runScenario" class="io.cucumber.testng.AbstractTestNGCucumberTests"/>
      </group> <!-- cucumber -->
    </groups>
    <test started-at="2021-05-17T11:37:21 BST" name="Regression Suite" finished-at="2021-05-17T11:38:50 BST" duration-ms="88974">
      <class name="com.test.lakshmi.cucumber.runners.RegressionRunnerClass">
        <test-method is-config="true" signature="setUpClass()[pri:0, instance:com.test.lakshmi.cucumber.runners.RegressionRunnerClass@3e11f9e9]" started-at="2021-05-17T11:37:21 BST" name="setUpClass" finished-at="2021-05-17T11:37:22 BST" duration-ms="1203" status="PASS">
          <reporter-output>
          </reporter-output>
        </test-method> <!-- setUpClass -->
        <test-method signature="runScenario(io.cucumber.testng.PickleWrapper,io.cucumber.testng.FeatureWrapper)[pri:0, instance:com.test.lakshmi.cucumber.runners.RegressionRunnerClass@3e11f9e9]" started-at="2021-05-17T11:37:22 BST" name="runScenario" description="Runs Cucumber Scenarios" data-provider="scenarios" finished-at="2021-05-17T11:38:11 BST" duration-ms="48885" status="PASS">
          <params>
            <param index="0">
              <value>
                <![CDATA["Order T-Shirt online and verify Order History"]]>
              </value>
            </param>
            <param index="1">
              <value>
                <![CDATA["Optional[Order T-Shirt]"]]>
              </value>
            </param>
          </params>
          <reporter-output>
          </reporter-output>
        </test-method> <!-- runScenario -->
        <test-method signature="runScenario(io.cucumber.testng.PickleWrapper,io.cucumber.testng.FeatureWrapper)[pri:0, instance:com.test.lakshmi.cucumber.runners.RegressionRunnerClass@3e11f9e9]" started-at="2021-05-17T11:38:11 BST" name="runScenario" description="Runs Cucumber Scenarios" data-provider="scenarios" finished-at="2021-05-17T11:38:40 BST" duration-ms="29049" status="PASS">
          <params>
            <param index="0">
              <value>
                <![CDATA["Update Personal Information (First Name) in my account"]]>
              </value>
            </param>
            <param index="1">
              <value>
                <![CDATA["Optional[My Account]"]]>
              </value>
            </param>
          </params>
          <reporter-output>
          </reporter-output>
        </test-method> <!-- runScenario -->
        <test-method is-config="true" signature="tearDownClass()[pri:0, instance:com.test.lakshmi.cucumber.runners.RegressionRunnerClass@3e11f9e9]" started-at="2021-05-17T11:38:40 BST" name="tearDownClass" finished-at="2021-05-17T11:38:50 BST" duration-ms="9722" status="PASS">
          <reporter-output>
          </reporter-output>
        </test-method> <!-- tearDownClass -->
      </class> <!-- com.test.lakshmi.cucumber.runners.RegressionRunnerClass -->
    </test> <!-- Regression Suite -->
  </suite> <!-- All Test Suite -->
</testng-results>
